<?xml version="1.0" encoding="UTF-8"?>
<!-- Generated by org.testng.reporters.JUnitXMLReporter -->
<testsuite ignored="15" hostname="Zephyrus_G14" failures="1" tests="10" name="Test" time="262.324" errors="0" timestamp="2025-05-10T23:25:37 IST">
  <testcase classname="TestClasses.LoginTest" name="executeLoginTest" time="3.198"/>
  <testcase classname="TestClasses.RegisterPatientTest" name="addPatient" time="23.802">
    <skipped/>
  </testcase> <!-- addPatient -->
  <testcase classname="TestClasses.RegisterPatientTest" name="addPatient" time="17.79"/>
  <testcase classname="TestClasses.AddAppointmentTest" name="addVisit" time="17.835"/>
  <testcase classname="TestClasses.AddPatVitalsTest" name="addPatVitals" time="5.987">
    <skipped/>
  </testcase> <!-- addPatVitals -->
  <testcase classname="TestClasses.AddPatVitalsTest" name="addPatVitals" time="17.368"/>
  <testcase classname="TestClasses.AddConditionTest" name="addCondition" time="17.523">
    <skipped/>
  </testcase> <!-- addCondition -->
  <testcase classname="TestClasses.AddConditionTest" name="addCondition" time="5.917">
    <failure type="org.openqa.selenium.ElementClickInterceptedException" message="element click intercepted: Element is not clickable at point (371, 1168)
  (Session info: chrome=136.0.7103.93)
Build info: version: &amp;apos;4.16.1&amp;apos;, revision: &amp;apos;9b4c83354e&amp;apos;
System info: os.name: &amp;apos;Windows 11&amp;apos;, os.arch: &amp;apos;amd64&amp;apos;, os.version: &amp;apos;10.0&amp;apos;, java.version: &amp;apos;24&amp;apos;
Driver info: org.openqa.selenium.chrome.ChromeDriver
Command: [a2ab54ebdda2b7b24fe438ba5b113e7f, clickElement {id=f.93052D8135891837B6D44CA8F2BFC72C.d.2AD25D4AAE2BB8B6ECEBEA950C8F6305.e.34}]
Capabilities {acceptInsecureCerts: false, browserName: chrome, browserVersion: 136.0.7103.93, chrome: {chromedriverVersion: 136.0.7103.92 (cb81a4cc5087..., userDataDir: C:\Users\dasab\AppData\Loca...}, fedcm:accounts: true, goog:chromeOptions: {debuggerAddress: localhost:54920}, networkConnectionEnabled: false, pageLoadStrategy: normal, platformName: windows, proxy: Proxy(), se:cdp: ws://localhost:54920/devtoo..., se:cdpVersion: 136.0.7103.93, setWindowRect: true, strictFileInteractability: false, timeouts: {implicit: 0, pageLoad: 300000, script: 30000}, unhandledPromptBehavior: dismiss and notify, webauthn:extension:credBlob: true, webauthn:extension:largeBlob: true, webauthn:extension:minPinLength: true, webauthn:extension:prf: true, webauthn:virtualAuthenticators: true}
Element: [[ChromeDriver: chrome on windows (a2ab54ebdda2b7b24fe438ba5b113e7f)] -&amp;gt; xpath: (//a[contains(text(),&amp;apos;Harry dsouza&amp;apos;)])[1]]
Session ID: a2ab54ebdda2b7b24fe438ba5b113e7f">
      <![CDATA[org.openqa.selenium.ElementClickInterceptedException: element click intercepted: Element is not clickable at point (371, 1168)
  (Session info: chrome=136.0.7103.93)
Build info: version: '4.16.1', revision: '9b4c83354e'
System info: os.name: 'Windows 11', os.arch: 'amd64', os.version: '10.0', java.version: '24'
Driver info: org.openqa.selenium.chrome.ChromeDriver
Command: [a2ab54ebdda2b7b24fe438ba5b113e7f, clickElement {id=f.93052D8135891837B6D44CA8F2BFC72C.d.2AD25D4AAE2BB8B6ECEBEA950C8F6305.e.34}]
Capabilities {acceptInsecureCerts: false, browserName: chrome, browserVersion: 136.0.7103.93, chrome: {chromedriverVersion: 136.0.7103.92 (cb81a4cc5087..., userDataDir: C:\Users\dasab\AppData\Loca...}, fedcm:accounts: true, goog:chromeOptions: {debuggerAddress: localhost:54920}, networkConnectionEnabled: false, pageLoadStrategy: normal, platformName: windows, proxy: Proxy(), se:cdp: ws://localhost:54920/devtoo..., se:cdpVersion: 136.0.7103.93, setWindowRect: true, strictFileInteractability: false, timeouts: {implicit: 0, pageLoad: 300000, script: 30000}, unhandledPromptBehavior: dismiss and notify, webauthn:extension:credBlob: true, webauthn:extension:largeBlob: true, webauthn:extension:minPinLength: true, webauthn:extension:prf: true, webauthn:virtualAuthenticators: true}
Element: [[ChromeDriver: chrome on windows (a2ab54ebdda2b7b24fe438ba5b113e7f)] -> xpath: (//a[contains(text(),'Harry dsouza')])[1]]
Session ID: a2ab54ebdda2b7b24fe438ba5b113e7f
at org.openqa.selenium.remote.codec.w3c.W3CHttpResponseCodec.createException(W3CHttpResponseCodec.java:200)
at org.openqa.selenium.remote.codec.w3c.W3CHttpResponseCodec.decode(W3CHttpResponseCodec.java:133)
at org.openqa.selenium.remote.codec.w3c.W3CHttpResponseCodec.decode(W3CHttpResponseCodec.java:52)
at org.openqa.selenium.remote.HttpCommandExecutor.execute(HttpCommandExecutor.java:191)
at org.openqa.selenium.remote.service.DriverCommandExecutor.invokeExecute(DriverCommandExecutor.java:200)
at org.openqa.selenium.remote.service.DriverCommandExecutor.execute(DriverCommandExecutor.java:175)
at org.openqa.selenium.remote.RemoteWebDriver.execute(RemoteWebDriver.java:523)
at org.openqa.selenium.remote.RemoteWebElement.execute(RemoteWebElement.java:224)
at org.openqa.selenium.remote.RemoteWebElement.click(RemoteWebElement.java:77)
at TestClasses.AddConditionTest.addCondition(AddConditionTest.java:42)
at java.base/java.util.ArrayList.forEach(ArrayList.java:1604)
... Removed 28 stack frames]]>
    </failure>
  </testcase> <!-- addCondition -->
  <testcase classname="TestClasses.EndVisitTest" name="endVisit" time="16.783">
    <skipped/>
  </testcase> <!-- endVisit -->
  <testcase classname="TestClasses.EndVisitTest" name="endVisit" time="27.281"/>
  <testcase classname="Utilities.BaseClass" name="@BeforeSuite setupExtent" time="0.0">
    <ignored/>
  </testcase> <!-- @BeforeSuite setupExtent -->
  <testcase classname="Utilities.BaseClass" name="@BeforeSuite setupExtent" time="0.0">
    <ignored/>
  </testcase> <!-- @BeforeSuite setupExtent -->
  <testcase classname="Utilities.BaseClass" name="@AfterSuite tearDown" time="0.0">
    <ignored/>
  </testcase> <!-- @AfterSuite tearDown -->
  <testcase classname="Utilities.BaseClass" name="@AfterTest teardownDriver" time="0.0">
    <ignored/>
  </testcase> <!-- @AfterTest teardownDriver -->
  <testcase classname="Utilities.BaseClass" name="@AfterTest teardownDriver" time="0.0">
    <ignored/>
  </testcase> <!-- @AfterTest teardownDriver -->
  <testcase classname="Utilities.BaseClass" name="@AfterSuite tearDown" time="0.0">
    <ignored/>
  </testcase> <!-- @AfterSuite tearDown -->
  <testcase classname="Utilities.BaseClass" name="@BeforeSuite setupExtent" time="0.0">
    <ignored/>
  </testcase> <!-- @BeforeSuite setupExtent -->
  <testcase classname="Utilities.BaseClass" name="@AfterSuite tearDown" time="0.0">
    <ignored/>
  </testcase> <!-- @AfterSuite tearDown -->
  <testcase classname="Utilities.BaseClass" name="@BeforeSuite setupExtent" time="0.0">
    <ignored/>
  </testcase> <!-- @BeforeSuite setupExtent -->
  <testcase classname="Utilities.BaseClass" name="@AfterSuite tearDown" time="0.0">
    <ignored/>
  </testcase> <!-- @AfterSuite tearDown -->
  <testcase classname="Utilities.BaseClass" name="@AfterTest teardownDriver" time="0.0">
    <ignored/>
  </testcase> <!-- @AfterTest teardownDriver -->
  <testcase classname="Utilities.BaseClass" name="@BeforeSuite setupExtent" time="0.0">
    <ignored/>
  </testcase> <!-- @BeforeSuite setupExtent -->
  <testcase classname="Utilities.BaseClass" name="@AfterTest teardownDriver" time="0.0">
    <ignored/>
  </testcase> <!-- @AfterTest teardownDriver -->
  <testcase classname="Utilities.BaseClass" name="@AfterTest teardownDriver" time="0.0">
    <ignored/>
  </testcase> <!-- @AfterTest teardownDriver -->
  <testcase classname="Utilities.BaseClass" name="@AfterSuite tearDown" time="0.0">
    <ignored/>
  </testcase> <!-- @AfterSuite tearDown -->
</testsuite> <!-- Test -->
