<!DOCTYPE html PUBLIC "-//W3C//DTD XHTML 1.1//EN" "https://www.w3.org/TR/xhtml11/DTD/xhtml11.dtd">
<html xmlns="https://www.w3.org/1999/xhtml">
<head>
<meta http-equiv="content-type" content="text/html; charset=UTF-8"/>
<title>TestNG Report</title>
<style type="text/css">table {margin-bottom:10px;border-collapse:collapse;empty-cells:show}th,td {border:1px solid #009;padding:.25em .5em}th {vertical-align:bottom}td {vertical-align:top}table a {font-weight:bold}.stripe td {background-color: #E6EBF9}.num {text-align:right}.passedodd td {background-color: #3F3}.passedeven td {background-color: #0A0}.skippedodd td {background-color: #DDD}.skippedeven td {background-color: #CCC}.failedodd td,.attn {background-color: #F33}.failedeven td,.stripe .attn {background-color: #D00}.stacktrace {white-space:pre;font-family:monospace}.totop {font-size:85%;text-align:center;border-bottom:2px solid #000}.invisible {display:none}</style>
</head>
<body>
<table>
<tr><th>Test</th><th># Passed</th><th># Skipped</th><th># Retried</th><th># Failed</th><th>Time (ms)</th><th>Included Groups</th><th>Excluded Groups</th></tr>
<tr><th colspan="8">Suite</th></tr>
<tr><td><a href="#t0">Test</a></td><td class="num">5</td><td class="num">0</td><td class="num attn">4</td><td class="num attn">1</td><td class="num">262,324</td><td>sanity</td><td></td></tr>
</table>
<table id='summary'><thead><tr><th>Class</th><th>Method</th><th>Start</th><th>Time (ms)</th></tr></thead><tbody><tr><th colspan="4">Suite</th></tr></tbody><tbody id="t0"><tr><th colspan="4">Test &#8212; failed</th></tr><tr class="failedeven"><td rowspan="1">TestClasses.AddConditionTest</td><td><a href="#m0">addCondition</a></td><td rowspan="1">1746899664261</td><td rowspan="1">5917</td></tr><tr><th colspan="4">Test &#8212; retried</th></tr><tr class="retriedeven"><td rowspan="1">TestClasses.AddConditionTest</td><td><a href="#m1">addCondition</a></td><td rowspan="1">1746899637843</td><td rowspan="1">17523</td></tr><tr class="retriedodd"><td rowspan="1">TestClasses.AddPatVitalsTest</td><td><a href="#m2">addPatVitals</a></td><td rowspan="1">1746899595659</td><td rowspan="1">5987</td></tr><tr class="retriedeven"><td rowspan="1">TestClasses.EndVisitTest</td><td><a href="#m3">endVisit</a></td><td rowspan="1">1746899679894</td><td rowspan="1">16783</td></tr><tr class="retriedodd"><td rowspan="1">TestClasses.RegisterPatientTest</td><td><a href="#m4">addPatient</a></td><td rowspan="1">1746899502927</td><td rowspan="1">23802</td></tr><tr><th colspan="4">Test &#8212; passed</th></tr><tr class="passedeven"><td rowspan="1">TestClasses.AddAppointmentTest</td><td><a href="#m5">addVisit</a></td><td rowspan="1">1746899566564</td><td rowspan="1">17835</td></tr><tr class="passedodd"><td rowspan="1">TestClasses.AddPatVitalsTest</td><td><a href="#m6">addPatVitals</a></td><td rowspan="1">1746899611016</td><td rowspan="1">17368</td></tr><tr class="passedeven"><td rowspan="1">TestClasses.EndVisitTest</td><td><a href="#m7">endVisit</a></td><td rowspan="1">1746899709465</td><td rowspan="1">27281</td></tr><tr class="passedodd"><td rowspan="1">TestClasses.LoginTest</td><td><a href="#m8">executeLoginTest</a></td><td rowspan="1">1746899491540</td><td rowspan="1">3198</td></tr><tr class="passedeven"><td rowspan="1">TestClasses.RegisterPatientTest</td><td><a href="#m9">addPatient</a></td><td rowspan="1">1746899539794</td><td rowspan="1">17790</td></tr></tbody>
</table>
<h2>Test</h2><h3 id="m0">TestClasses.AddConditionTest#addCondition</h3><table class="result"><tr><th>Messages</th></tr><tr><td><div class="messages">Test has been started<br/>My Test Case got failed</div></td></tr><tr><th>Exception</th></tr><tr><td><div class="stacktrace">org.openqa.selenium.ElementClickInterceptedException: element click intercepted: Element is not clickable at point (371, 1168)
  (Session info: chrome=136.0.7103.93)
Build info: version: &apos;4.16.1&apos;, revision: &apos;9b4c83354e&apos;
System info: os.name: &apos;Windows 11&apos;, os.arch: &apos;amd64&apos;, os.version: &apos;10.0&apos;, java.version: &apos;24&apos;
Driver info: org.openqa.selenium.chrome.ChromeDriver
Command: [a2ab54ebdda2b7b24fe438ba5b113e7f, clickElement {id=f.93052D8135891837B6D44CA8F2BFC72C.d.2AD25D4AAE2BB8B6ECEBEA950C8F6305.e.34}]
Capabilities {acceptInsecureCerts: false, browserName: chrome, browserVersion: 136.0.7103.93, chrome: {chromedriverVersion: 136.0.7103.92 (cb81a4cc5087..., userDataDir: C:\Users\dasab\AppData\Loca...}, fedcm:accounts: true, goog:chromeOptions: {debuggerAddress: localhost:54920}, networkConnectionEnabled: false, pageLoadStrategy: normal, platformName: windows, proxy: Proxy(), se:cdp: ws://localhost:54920/devtoo..., se:cdpVersion: 136.0.7103.93, setWindowRect: true, strictFileInteractability: false, timeouts: {implicit: 0, pageLoad: 300000, script: 30000}, unhandledPromptBehavior: dismiss and notify, webauthn:extension:credBlob: true, webauthn:extension:largeBlob: true, webauthn:extension:minPinLength: true, webauthn:extension:prf: true, webauthn:virtualAuthenticators: true}
Element: [[ChromeDriver: chrome on windows (a2ab54ebdda2b7b24fe438ba5b113e7f)] -&gt; xpath: (//a[contains(text(),&apos;Harry dsouza&apos;)])[1]]
Session ID: a2ab54ebdda2b7b24fe438ba5b113e7f
	at org.openqa.selenium.remote.codec.w3c.W3CHttpResponseCodec.createException(W3CHttpResponseCodec.java:200)
	at org.openqa.selenium.remote.codec.w3c.W3CHttpResponseCodec.decode(W3CHttpResponseCodec.java:133)
	at org.openqa.selenium.remote.codec.w3c.W3CHttpResponseCodec.decode(W3CHttpResponseCodec.java:52)
	at org.openqa.selenium.remote.HttpCommandExecutor.execute(HttpCommandExecutor.java:191)
	at org.openqa.selenium.remote.service.DriverCommandExecutor.invokeExecute(DriverCommandExecutor.java:200)
	at org.openqa.selenium.remote.service.DriverCommandExecutor.execute(DriverCommandExecutor.java:175)
	at org.openqa.selenium.remote.RemoteWebDriver.execute(RemoteWebDriver.java:523)
	at org.openqa.selenium.remote.RemoteWebElement.execute(RemoteWebElement.java:224)
	at org.openqa.selenium.remote.RemoteWebElement.click(RemoteWebElement.java:77)
	at TestClasses.AddConditionTest.addCondition(AddConditionTest.java:42)
	at java.base/java.util.ArrayList.forEach(ArrayList.java:1604)
... Removed 28 stack frames</div></td></tr></table><p class="totop"><a href="#summary">back to summary</a></p>
<h3 id="m1">TestClasses.AddConditionTest#addCondition</h3><table class="result"><tr><th>Messages</th></tr><tr><td><div class="messages">Test has been started<br/>Test case is skipped</div></td></tr><tr><th>Exception</th></tr><tr><td><div class="stacktrace">org.openqa.selenium.TimeoutException: Expected condition failed: waiting for element to be clickable: By.xpath: (//button[normalize-space()=&apos;Record conditions&apos;])[1] (tried for 10 second(s) with 500 milliseconds interval)
Build info: version: &apos;4.16.1&apos;, revision: &apos;9b4c83354e&apos;
System info: os.name: &apos;Windows 11&apos;, os.arch: &apos;amd64&apos;, os.version: &apos;10.0&apos;, java.version: &apos;24&apos;
Driver info: org.openqa.selenium.chrome.ChromeDriver
Capabilities {acceptInsecureCerts: false, browserName: chrome, browserVersion: 136.0.7103.93, chrome: {chromedriverVersion: 136.0.7103.92 (cb81a4cc5087..., userDataDir: C:\Users\dasab\AppData\Loca...}, fedcm:accounts: true, goog:chromeOptions: {debuggerAddress: localhost:54869}, networkConnectionEnabled: false, pageLoadStrategy: normal, platformName: windows, proxy: Proxy(), se:cdp: ws://localhost:54869/devtoo..., se:cdpVersion: 136.0.7103.93, setWindowRect: true, strictFileInteractability: false, timeouts: {implicit: 0, pageLoad: 300000, script: 30000}, unhandledPromptBehavior: dismiss and notify, webauthn:extension:credBlob: true, webauthn:extension:largeBlob: true, webauthn:extension:minPinLength: true, webauthn:extension:prf: true, webauthn:virtualAuthenticators: true}
Session ID: a626b5ebb572109404d6969427d26920
	at org.openqa.selenium.support.ui.WebDriverWait.timeoutException(WebDriverWait.java:84)
	at org.openqa.selenium.support.ui.FluentWait.until(FluentWait.java:229)
	at TestClasses.AddConditionTest.addCondition(AddConditionTest.java:49)
	at java.base/java.util.ArrayList.forEach(ArrayList.java:1604)
... Removed 25 stack frames</div></td></tr></table><p class="totop"><a href="#summary">back to summary</a></p>
<h3 id="m2">TestClasses.AddPatVitalsTest#addPatVitals</h3><table class="result"><tr><th>Messages</th></tr><tr><td><div class="messages">Test has been started<br/>Test case is skipped</div></td></tr><tr><th>Exception</th></tr><tr><td><div class="stacktrace">org.openqa.selenium.ElementClickInterceptedException: element click intercepted: Element is not clickable at point (371, 554)
  (Session info: chrome=136.0.7103.93)
Build info: version: &apos;4.16.1&apos;, revision: &apos;9b4c83354e&apos;
System info: os.name: &apos;Windows 11&apos;, os.arch: &apos;amd64&apos;, os.version: &apos;10.0&apos;, java.version: &apos;24&apos;
Driver info: org.openqa.selenium.chrome.ChromeDriver
Command: [e52695d765a485cd503331c137bdf6e0, clickElement {id=f.0F17DCA46A57C622262090237785E8C0.d.C5B6796A164E8A2ABA5B0394EBA98BAB.e.33}]
Capabilities {acceptInsecureCerts: false, browserName: chrome, browserVersion: 136.0.7103.93, chrome: {chromedriverVersion: 136.0.7103.92 (cb81a4cc5087..., userDataDir: C:\Users\dasab\AppData\Loca...}, fedcm:accounts: true, goog:chromeOptions: {debuggerAddress: localhost:54769}, networkConnectionEnabled: false, pageLoadStrategy: normal, platformName: windows, proxy: Proxy(), se:cdp: ws://localhost:54769/devtoo..., se:cdpVersion: 136.0.7103.93, setWindowRect: true, strictFileInteractability: false, timeouts: {implicit: 0, pageLoad: 300000, script: 30000}, unhandledPromptBehavior: dismiss and notify, webauthn:extension:credBlob: true, webauthn:extension:largeBlob: true, webauthn:extension:minPinLength: true, webauthn:extension:prf: true, webauthn:virtualAuthenticators: true}
Element: [[ChromeDriver: chrome on windows (e52695d765a485cd503331c137bdf6e0)] -&gt; xpath: (//a[contains(text(),&apos;Harry dsouza&apos;)])[1]]
Session ID: e52695d765a485cd503331c137bdf6e0
	at org.openqa.selenium.remote.codec.w3c.W3CHttpResponseCodec.createException(W3CHttpResponseCodec.java:200)
	at org.openqa.selenium.remote.codec.w3c.W3CHttpResponseCodec.decode(W3CHttpResponseCodec.java:133)
	at org.openqa.selenium.remote.codec.w3c.W3CHttpResponseCodec.decode(W3CHttpResponseCodec.java:52)
	at org.openqa.selenium.remote.HttpCommandExecutor.execute(HttpCommandExecutor.java:191)
	at org.openqa.selenium.remote.service.DriverCommandExecutor.invokeExecute(DriverCommandExecutor.java:200)
	at org.openqa.selenium.remote.service.DriverCommandExecutor.execute(DriverCommandExecutor.java:175)
	at org.openqa.selenium.remote.RemoteWebDriver.execute(RemoteWebDriver.java:523)
	at org.openqa.selenium.remote.RemoteWebElement.execute(RemoteWebElement.java:224)
	at org.openqa.selenium.remote.RemoteWebElement.click(RemoteWebElement.java:77)
	at TestClasses.AddPatVitalsTest.addPatVitals(AddPatVitalsTest.java:35)
	at java.base/java.util.ArrayList.forEach(ArrayList.java:1604)
... Removed 28 stack frames</div></td></tr></table><p class="totop"><a href="#summary">back to summary</a></p>
<h3 id="m3">TestClasses.EndVisitTest#endVisit</h3><table class="result"><tr><th>Messages</th></tr><tr><td><div class="messages">Test has been started<br/>Test case is skipped</div></td></tr><tr><th>Exception</th></tr><tr><td><div class="stacktrace">org.openqa.selenium.NoSuchElementException: no such element: Unable to locate element: {&quot;method&quot;:&quot;xpath&quot;,&quot;selector&quot;:&quot;//span[@title=&apos;Active Visit&apos;]&quot;}
  (Session info: chrome=136.0.7103.93)
For documentation on this error, please visit: https://www.selenium.dev/documentation/webdriver/troubleshooting/errors#no-such-element-exception
Build info: version: &apos;4.16.1&apos;, revision: &apos;9b4c83354e&apos;
System info: os.name: &apos;Windows 11&apos;, os.arch: &apos;amd64&apos;, os.version: &apos;10.0&apos;, java.version: &apos;24&apos;
Driver info: org.openqa.selenium.chrome.ChromeDriver
Command: [b617497008c68e231c43ea76e71c9773, findElement {using=xpath, value=//span[@title=&apos;Active Visit&apos;]}]
Capabilities {acceptInsecureCerts: false, browserName: chrome, browserVersion: 136.0.7103.93, chrome: {chromedriverVersion: 136.0.7103.92 (cb81a4cc5087..., userDataDir: C:\Users\dasab\AppData\Loca...}, fedcm:accounts: true, goog:chromeOptions: {debuggerAddress: localhost:54958}, networkConnectionEnabled: false, pageLoadStrategy: normal, platformName: windows, proxy: Proxy(), se:cdp: ws://localhost:54958/devtoo..., se:cdpVersion: 136.0.7103.93, setWindowRect: true, strictFileInteractability: false, timeouts: {implicit: 0, pageLoad: 300000, script: 30000}, unhandledPromptBehavior: dismiss and notify, webauthn:extension:credBlob: true, webauthn:extension:largeBlob: true, webauthn:extension:minPinLength: true, webauthn:extension:prf: true, webauthn:virtualAuthenticators: true}
Session ID: b617497008c68e231c43ea76e71c9773
	at org.openqa.selenium.remote.codec.w3c.W3CHttpResponseCodec.createException(W3CHttpResponseCodec.java:200)
	at org.openqa.selenium.remote.codec.w3c.W3CHttpResponseCodec.decode(W3CHttpResponseCodec.java:133)
	at org.openqa.selenium.remote.codec.w3c.W3CHttpResponseCodec.decode(W3CHttpResponseCodec.java:52)
	at org.openqa.selenium.remote.HttpCommandExecutor.execute(HttpCommandExecutor.java:191)
	at org.openqa.selenium.remote.service.DriverCommandExecutor.invokeExecute(DriverCommandExecutor.java:200)
	at org.openqa.selenium.remote.service.DriverCommandExecutor.execute(DriverCommandExecutor.java:175)
	at org.openqa.selenium.remote.RemoteWebDriver.execute(RemoteWebDriver.java:523)
	at org.openqa.selenium.remote.ElementLocation$ElementFinder$2.findElement(ElementLocation.java:165)
	at org.openqa.selenium.remote.ElementLocation.findElement(ElementLocation.java:59)
	at org.openqa.selenium.remote.RemoteWebDriver.findElement(RemoteWebDriver.java:360)
	at org.openqa.selenium.remote.RemoteWebDriver.findElement(RemoteWebDriver.java:354)
	at TestClasses.EndVisitTest.endVisit(EndVisitTest.java:42)
	at java.base/java.util.ArrayList.forEach(ArrayList.java:1604)
... Removed 28 stack frames</div></td></tr></table><p class="totop"><a href="#summary">back to summary</a></p>
<h3 id="m4">TestClasses.RegisterPatientTest#addPatient</h3><table class="result"><tr class="param"><th>Parameter #1</th><th>Parameter #2</th><th>Parameter #3</th><th>Parameter #4</th></tr><tr class="param stripe"><td>Harry</td><td>dsouza</td><td>32</td><td>Mumbai</td></tr><tr><th colspan="4">Messages</th></tr><tr><td colspan="4"><div class="messages">Test has been started<br/>Test case is skipped</div></td></tr><tr><th colspan="4">Exception</th></tr><tr><td colspan="4"><div class="stacktrace">org.openqa.selenium.StaleElementReferenceException: stale element reference: stale element not found in the current frame
  (Session info: chrome=136.0.7103.93)
For documentation on this error, please visit: https://www.selenium.dev/documentation/webdriver/troubleshooting/errors#stale-element-reference-exception
Build info: version: &apos;4.16.1&apos;, revision: &apos;9b4c83354e&apos;
System info: os.name: &apos;Windows 11&apos;, os.arch: &apos;amd64&apos;, os.version: &apos;10.0&apos;, java.version: &apos;24&apos;
Driver info: org.openqa.selenium.chrome.ChromeDriver
Command: [a1b8c829b1ea422b3579e78b5f997fed, isElementDisplayed {id=f.D8CE1D3660B7C0D28CD543CD271D5EFF.d.2A53748CBE96EFF547793D2D13867B84.e.159}]
Capabilities {acceptInsecureCerts: false, browserName: chrome, browserVersion: 136.0.7103.93, chrome: {chromedriverVersion: 136.0.7103.92 (cb81a4cc5087..., userDataDir: C:\Users\dasab\AppData\Loca...}, fedcm:accounts: true, goog:chromeOptions: {debuggerAddress: localhost:54607}, networkConnectionEnabled: false, pageLoadStrategy: normal, platformName: windows, proxy: Proxy(), se:cdp: ws://localhost:54607/devtoo..., se:cdpVersion: 136.0.7103.93, setWindowRect: true, strictFileInteractability: false, timeouts: {implicit: 0, pageLoad: 300000, script: 30000}, unhandledPromptBehavior: dismiss and notify, webauthn:extension:credBlob: true, webauthn:extension:largeBlob: true, webauthn:extension:minPinLength: true, webauthn:extension:prf: true, webauthn:virtualAuthenticators: true}
Element: [[ChromeDriver: chrome on windows (a1b8c829b1ea422b3579e78b5f997fed)] -&gt; xpath: //*[text()=&apos;OpenMRS ID&apos;]]
Session ID: a1b8c829b1ea422b3579e78b5f997fed
	at org.openqa.selenium.remote.codec.w3c.W3CHttpResponseCodec.createException(W3CHttpResponseCodec.java:200)
	at org.openqa.selenium.remote.codec.w3c.W3CHttpResponseCodec.decode(W3CHttpResponseCodec.java:133)
	at org.openqa.selenium.remote.codec.w3c.W3CHttpResponseCodec.decode(W3CHttpResponseCodec.java:52)
	at org.openqa.selenium.remote.HttpCommandExecutor.execute(HttpCommandExecutor.java:191)
	at org.openqa.selenium.remote.service.DriverCommandExecutor.invokeExecute(DriverCommandExecutor.java:200)
	at org.openqa.selenium.remote.service.DriverCommandExecutor.execute(DriverCommandExecutor.java:175)
	at org.openqa.selenium.remote.RemoteWebDriver.execute(RemoteWebDriver.java:523)
	at org.openqa.selenium.remote.RemoteWebElement.execute(RemoteWebElement.java:224)
	at org.openqa.selenium.remote.RemoteWebElement.isDisplayed(RemoteWebElement.java:283)
	at TestClasses.RegisterPatientTest.addPatient(RegisterPatientTest.java:120)
	at java.base/java.util.ArrayList.forEach(ArrayList.java:1604)
... Removed 28 stack frames</div></td></tr></table><p class="totop"><a href="#summary">back to summary</a></p>
<h3 id="m5">TestClasses.AddAppointmentTest#addVisit</h3><table class="result"><tr><th>Messages</th></tr><tr><td><div class="messages">Test has been started<br/>Test case is passed</div></td></tr></table><p class="totop"><a href="#summary">back to summary</a></p>
<h3 id="m6">TestClasses.AddPatVitalsTest#addPatVitals</h3><table class="result"><tr><th>Messages</th></tr><tr><td><div class="messages">Test has been started<br/>Test case is passed</div></td></tr></table><p class="totop"><a href="#summary">back to summary</a></p>
<h3 id="m7">TestClasses.EndVisitTest#endVisit</h3><table class="result"><tr><th>Messages</th></tr><tr><td><div class="messages">Test has been started<br/>Test case is passed</div></td></tr></table><p class="totop"><a href="#summary">back to summary</a></p>
<h3 id="m8">TestClasses.LoginTest#executeLoginTest</h3><table class="result"><tr><th>Messages</th></tr><tr><td><div class="messages">Test has been started<br/>Test case is passed</div></td></tr></table><p class="totop"><a href="#summary">back to summary</a></p>
<h3 id="m9">TestClasses.RegisterPatientTest#addPatient</h3><table class="result"><tr class="param"><th>Parameter #1</th><th>Parameter #2</th><th>Parameter #3</th><th>Parameter #4</th></tr><tr class="param stripe"><td>Harry</td><td>dsouza</td><td>32</td><td>Mumbai</td></tr><tr><th colspan="4">Messages</th></tr><tr><td colspan="4"><div class="messages">Test has been started<br/>Test case is passed</div></td></tr></table><p class="totop"><a href="#summary">back to summary</a></p>
</body>
</html>
